[2019-04-07T20:02:55.088] [DEBUG] turnerExc - undefined
[2019-04-07T20:02:55.088] [DEBUG] turnerExc - TypeError: Cannot read property 'map' of undefined
    at Object.requestGames (C:\Domains\turnerExc\request\requestGame.js:13:46)
    at app.post (C:\Domains\turnerExc\app.js:28:17)
    at Layer.handle [as handle_request] (C:\Domains\turnerExc\node_modules\express\lib\router\layer.js:95:5)
    at next (C:\Domains\turnerExc\node_modules\express\lib\router\route.js:137:13)
    at Route.dispatch (C:\Domains\turnerExc\node_modules\express\lib\router\route.js:112:3)
    at Layer.handle [as handle_request] (C:\Domains\turnerExc\node_modules\express\lib\router\layer.js:95:5)
    at C:\Domains\turnerExc\node_modules\express\lib\router\index.js:281:22
    at Function.process_params (C:\Domains\turnerExc\node_modules\express\lib\router\index.js:335:12)
    at next (C:\Domains\turnerExc\node_modules\express\lib\router\index.js:275:10)
    at app.use (C:\Domains\turnerExc\app.js:22:5)
    at Layer.handle [as handle_request] (C:\Domains\turnerExc\node_modules\express\lib\router\layer.js:95:5)
    at trim_prefix (C:\Domains\turnerExc\node_modules\express\lib\router\index.js:317:13)
    at C:\Domains\turnerExc\node_modules\express\lib\router\index.js:284:7
    at Function.process_params (C:\Domains\turnerExc\node_modules\express\lib\router\index.js:335:12)
    at next (C:\Domains\turnerExc\node_modules\express\lib\router\index.js:275:10)
    at urlencodedParser (C:\Domains\turnerExc\node_modules\body-parser\lib\types\urlencoded.js:82:7)
    at Layer.handle [as handle_request] (C:\Domains\turnerExc\node_modules\express\lib\router\layer.js:95:5)
    at trim_prefix (C:\Domains\turnerExc\node_modules\express\lib\router\index.js:317:13)
    at C:\Domains\turnerExc\node_modules\express\lib\router\index.js:284:7
    at Function.process_params (C:\Domains\turnerExc\node_modules\express\lib\router\index.js:335:12)
    at next (C:\Domains\turnerExc\node_modules\express\lib\router\index.js:275:10)
    at C:\Domains\turnerExc\node_modules\body-parser\lib\read.js:130:5
    at invokeCallback (C:\Domains\turnerExc\node_modules\raw-body\index.js:224:16)
    at done (C:\Domains\turnerExc\node_modules\raw-body\index.js:213:7)
    at IncomingMessage.onEnd (C:\Domains\turnerExc\node_modules\raw-body\index.js:273:7)
    at emitNone (events.js:106:13)
    at IncomingMessage.emit (events.js:208:7)
    at endReadableNT (_stream_readable.js:1064:12)
    at _combinedTickCallback (internal/process/next_tick.js:139:11)
    at process._tickCallback (internal/process/next_tick.js:181:9)
[2019-04-07T20:02:55.107] [DEBUG] turnerExc - undefined
[2019-04-07T20:02:55.107] [DEBUG] turnerExc - TypeError: Cannot read property 'map' of undefined
    at Object.requestGames (C:\Domains\turnerExc\request\requestGame.js:13:46)
    at app.post (C:\Domains\turnerExc\app.js:28:17)
    at Layer.handle [as handle_request] (C:\Domains\turnerExc\node_modules\express\lib\router\layer.js:95:5)
    at next (C:\Domains\turnerExc\node_modules\express\lib\router\route.js:137:13)
    at Route.dispatch (C:\Domains\turnerExc\node_modules\express\lib\router\route.js:112:3)
    at Layer.handle [as handle_request] (C:\Domains\turnerExc\node_modules\express\lib\router\layer.js:95:5)
    at C:\Domains\turnerExc\node_modules\express\lib\router\index.js:281:22
    at Function.process_params (C:\Domains\turnerExc\node_modules\express\lib\router\index.js:335:12)
    at next (C:\Domains\turnerExc\node_modules\express\lib\router\index.js:275:10)
    at app.use (C:\Domains\turnerExc\app.js:22:5)
    at Layer.handle [as handle_request] (C:\Domains\turnerExc\node_modules\express\lib\router\layer.js:95:5)
    at trim_prefix (C:\Domains\turnerExc\node_modules\express\lib\router\index.js:317:13)
    at C:\Domains\turnerExc\node_modules\express\lib\router\index.js:284:7
    at Function.process_params (C:\Domains\turnerExc\node_modules\express\lib\router\index.js:335:12)
    at next (C:\Domains\turnerExc\node_modules\express\lib\router\index.js:275:10)
    at urlencodedParser (C:\Domains\turnerExc\node_modules\body-parser\lib\types\urlencoded.js:82:7)
    at Layer.handle [as handle_request] (C:\Domains\turnerExc\node_modules\express\lib\router\layer.js:95:5)
    at trim_prefix (C:\Domains\turnerExc\node_modules\express\lib\router\index.js:317:13)
    at C:\Domains\turnerExc\node_modules\express\lib\router\index.js:284:7
    at Function.process_params (C:\Domains\turnerExc\node_modules\express\lib\router\index.js:335:12)
    at next (C:\Domains\turnerExc\node_modules\express\lib\router\index.js:275:10)
    at C:\Domains\turnerExc\node_modules\body-parser\lib\read.js:130:5
    at invokeCallback (C:\Domains\turnerExc\node_modules\raw-body\index.js:224:16)
    at done (C:\Domains\turnerExc\node_modules\raw-body\index.js:213:7)
    at IncomingMessage.onEnd (C:\Domains\turnerExc\node_modules\raw-body\index.js:273:7)
    at emitNone (events.js:106:13)
    at IncomingMessage.emit (events.js:208:7)
    at endReadableNT (_stream_readable.js:1064:12)
    at _combinedTickCallback (internal/process/next_tick.js:139:11)
    at process._tickCallback (internal/process/next_tick.js:181:9)
[2019-04-07T20:02:55.116] [DEBUG] turnerExc - undefined
[2019-04-07T20:02:55.116] [DEBUG] turnerExc - TypeError: Cannot read property 'map' of undefined
    at Object.requestGames (C:\Domains\turnerExc\request\requestGame.js:13:46)
    at app.post (C:\Domains\turnerExc\app.js:28:17)
    at Layer.handle [as handle_request] (C:\Domains\turnerExc\node_modules\express\lib\router\layer.js:95:5)
    at next (C:\Domains\turnerExc\node_modules\express\lib\router\route.js:137:13)
    at Route.dispatch (C:\Domains\turnerExc\node_modules\express\lib\router\route.js:112:3)
    at Layer.handle [as handle_request] (C:\Domains\turnerExc\node_modules\express\lib\router\layer.js:95:5)
    at C:\Domains\turnerExc\node_modules\express\lib\router\index.js:281:22
    at Function.process_params (C:\Domains\turnerExc\node_modules\express\lib\router\index.js:335:12)
    at next (C:\Domains\turnerExc\node_modules\express\lib\router\index.js:275:10)
    at app.use (C:\Domains\turnerExc\app.js:22:5)
    at Layer.handle [as handle_request] (C:\Domains\turnerExc\node_modules\express\lib\router\layer.js:95:5)
    at trim_prefix (C:\Domains\turnerExc\node_modules\express\lib\router\index.js:317:13)
    at C:\Domains\turnerExc\node_modules\express\lib\router\index.js:284:7
    at Function.process_params (C:\Domains\turnerExc\node_modules\express\lib\router\index.js:335:12)
    at next (C:\Domains\turnerExc\node_modules\express\lib\router\index.js:275:10)
    at urlencodedParser (C:\Domains\turnerExc\node_modules\body-parser\lib\types\urlencoded.js:82:7)
    at Layer.handle [as handle_request] (C:\Domains\turnerExc\node_modules\express\lib\router\layer.js:95:5)
    at trim_prefix (C:\Domains\turnerExc\node_modules\express\lib\router\index.js:317:13)
    at C:\Domains\turnerExc\node_modules\express\lib\router\index.js:284:7
    at Function.process_params (C:\Domains\turnerExc\node_modules\express\lib\router\index.js:335:12)
    at next (C:\Domains\turnerExc\node_modules\express\lib\router\index.js:275:10)
    at C:\Domains\turnerExc\node_modules\body-parser\lib\read.js:130:5
    at invokeCallback (C:\Domains\turnerExc\node_modules\raw-body\index.js:224:16)
    at done (C:\Domains\turnerExc\node_modules\raw-body\index.js:213:7)
    at IncomingMessage.onEnd (C:\Domains\turnerExc\node_modules\raw-body\index.js:273:7)
    at emitNone (events.js:106:13)
    at IncomingMessage.emit (events.js:208:7)
    at endReadableNT (_stream_readable.js:1064:12)
    at _combinedTickCallback (internal/process/next_tick.js:139:11)
    at process._tickCallback (internal/process/next_tick.js:181:9)
[2019-04-07T20:02:55.119] [DEBUG] turnerExc - undefined
[2019-04-07T20:02:55.119] [DEBUG] turnerExc - TypeError: Cannot read property 'map' of undefined
    at Object.requestGames (C:\Domains\turnerExc\request\requestGame.js:13:46)
    at app.post (C:\Domains\turnerExc\app.js:28:17)
    at Layer.handle [as handle_request] (C:\Domains\turnerExc\node_modules\express\lib\router\layer.js:95:5)
    at next (C:\Domains\turnerExc\node_modules\express\lib\router\route.js:137:13)
    at Route.dispatch (C:\Domains\turnerExc\node_modules\express\lib\router\route.js:112:3)
    at Layer.handle [as handle_request] (C:\Domains\turnerExc\node_modules\express\lib\router\layer.js:95:5)
    at C:\Domains\turnerExc\node_modules\express\lib\router\index.js:281:22
    at Function.process_params (C:\Domains\turnerExc\node_modules\express\lib\router\index.js:335:12)
    at next (C:\Domains\turnerExc\node_modules\express\lib\router\index.js:275:10)
    at app.use (C:\Domains\turnerExc\app.js:22:5)
    at Layer.handle [as handle_request] (C:\Domains\turnerExc\node_modules\express\lib\router\layer.js:95:5)
    at trim_prefix (C:\Domains\turnerExc\node_modules\express\lib\router\index.js:317:13)
    at C:\Domains\turnerExc\node_modules\express\lib\router\index.js:284:7
    at Function.process_params (C:\Domains\turnerExc\node_modules\express\lib\router\index.js:335:12)
    at next (C:\Domains\turnerExc\node_modules\express\lib\router\index.js:275:10)
    at urlencodedParser (C:\Domains\turnerExc\node_modules\body-parser\lib\types\urlencoded.js:82:7)
    at Layer.handle [as handle_request] (C:\Domains\turnerExc\node_modules\express\lib\router\layer.js:95:5)
    at trim_prefix (C:\Domains\turnerExc\node_modules\express\lib\router\index.js:317:13)
    at C:\Domains\turnerExc\node_modules\express\lib\router\index.js:284:7
    at Function.process_params (C:\Domains\turnerExc\node_modules\express\lib\router\index.js:335:12)
    at next (C:\Domains\turnerExc\node_modules\express\lib\router\index.js:275:10)
    at C:\Domains\turnerExc\node_modules\body-parser\lib\read.js:130:5
    at invokeCallback (C:\Domains\turnerExc\node_modules\raw-body\index.js:224:16)
    at done (C:\Domains\turnerExc\node_modules\raw-body\index.js:213:7)
    at IncomingMessage.onEnd (C:\Domains\turnerExc\node_modules\raw-body\index.js:273:7)
    at emitNone (events.js:106:13)
    at IncomingMessage.emit (events.js:208:7)
    at endReadableNT (_stream_readable.js:1064:12)
    at _combinedTickCallback (internal/process/next_tick.js:139:11)
    at process._tickCallback (internal/process/next_tick.js:181:9)
[2019-04-07T20:04:40.889] [DEBUG] turnerExc - [ { gameId: '0041700401', gameDate: '20180531' },
  { gameId: '0041700402', gameDate: '20180603' },
  { gameId: '0041700403', gameDate: '20180606' } ]
[2019-04-07T20:04:41.009] [DEBUG] turnerExc - { status: true,
  body: 
   { _internal: 
      { pubDateTime: '2019-03-18 11:44:16.404',
        xslt: 'xsl/league/schedule/marty_daily_scoreboard.xsl',
        eventName: '_SPECIAL_ELA_EVENT_martyDailyScoreboard' },
     numGames: 1,
     games: [ [Object] ] } }
[2019-04-07T20:04:41.253] [DEBUG] turnerExc - { status: true,
  body: 
   { _internal: 
      { pubDateTime: '2018-08-15 13:58:50.673',
        xslt: 'xsl/league/schedule/marty_daily_scoreboard.xsl',
        eventName: '_SPECIAL_ELA_EVENT_martyDailyScoreboard2' },
     numGames: 1,
     games: [ [Object] ] } }
[2019-04-07T20:04:41.289] [DEBUG] turnerExc - { status: true,
  body: 
   { _internal: 
      { pubDateTime: '2018-09-24 15:24:37.999',
        xslt: 'xsl/league/schedule/marty_daily_scoreboard.xsl',
        eventName: 'linescores' },
     numGames: 1,
     games: [ [Object] ] } }
[2019-04-07T20:04:41.313] [DEBUG] turnerExc - [ { gameId: '0041700401', gameDate: '20180531' },
  { gameId: '0041700402', gameDate: '20180603' },
  { gameId: '0041700403', gameDate: '20180606' } ]
[2019-04-07T20:04:41.337] [DEBUG] turnerExc - { status: true,
  body: 
   { _internal: 
      { pubDateTime: '2019-03-18 11:44:16.404',
        xslt: 'xsl/league/schedule/marty_daily_scoreboard.xsl',
        eventName: '_SPECIAL_ELA_EVENT_martyDailyScoreboard' },
     numGames: 1,
     games: [ [Object] ] } }
[2019-04-07T20:04:41.377] [DEBUG] turnerExc - { status: true,
  body: 
   { _internal: 
      { pubDateTime: '2018-08-15 13:58:50.673',
        xslt: 'xsl/league/schedule/marty_daily_scoreboard.xsl',
        eventName: '_SPECIAL_ELA_EVENT_martyDailyScoreboard2' },
     numGames: 1,
     games: [ [Object] ] } }
[2019-04-07T20:04:41.409] [DEBUG] turnerExc - { status: true,
  body: 
   { _internal: 
      { pubDateTime: '2018-09-24 15:24:37.999',
        xslt: 'xsl/league/schedule/marty_daily_scoreboard.xsl',
        eventName: 'linescores' },
     numGames: 1,
     games: [ [Object] ] } }
[2019-04-07T20:04:41.425] [DEBUG] turnerExc - [ { gameId: '0041700401', gameDate: '20180531' },
  { gameId: '0041700402', gameDate: '20180603' },
  { gameId: '0041700403', gameDate: '20180606' } ]
[2019-04-07T20:04:41.453] [DEBUG] turnerExc - { status: true,
  body: 
   { _internal: 
      { pubDateTime: '2019-03-18 11:44:16.404',
        xslt: 'xsl/league/schedule/marty_daily_scoreboard.xsl',
        eventName: '_SPECIAL_ELA_EVENT_martyDailyScoreboard' },
     numGames: 1,
     games: [ [Object] ] } }
[2019-04-07T20:04:41.489] [DEBUG] turnerExc - { status: true,
  body: 
   { _internal: 
      { pubDateTime: '2018-08-15 13:58:50.673',
        xslt: 'xsl/league/schedule/marty_daily_scoreboard.xsl',
        eventName: '_SPECIAL_ELA_EVENT_martyDailyScoreboard2' },
     numGames: 1,
     games: [ [Object] ] } }
[2019-04-07T20:04:41.521] [DEBUG] turnerExc - { status: true,
  body: 
   { _internal: 
      { pubDateTime: '2018-09-24 15:24:37.999',
        xslt: 'xsl/league/schedule/marty_daily_scoreboard.xsl',
        eventName: 'linescores' },
     numGames: 1,
     games: [ [Object] ] } }
[2019-04-07T20:04:41.533] [DEBUG] turnerExc - [ { gameId: '0041700401', gameDate: '20180531' },
  { gameId: '0041700402', gameDate: '20180603' },
  { gameId: '0041700403', gameDate: '20180606' } ]
[2019-04-07T20:04:41.557] [DEBUG] turnerExc - { status: true,
  body: 
   { _internal: 
      { pubDateTime: '2019-03-18 11:44:16.404',
        xslt: 'xsl/league/schedule/marty_daily_scoreboard.xsl',
        eventName: '_SPECIAL_ELA_EVENT_martyDailyScoreboard' },
     numGames: 1,
     games: [ [Object] ] } }
[2019-04-07T20:04:41.585] [DEBUG] turnerExc - { status: true,
  body: 
   { _internal: 
      { pubDateTime: '2018-08-15 13:58:50.673',
        xslt: 'xsl/league/schedule/marty_daily_scoreboard.xsl',
        eventName: '_SPECIAL_ELA_EVENT_martyDailyScoreboard2' },
     numGames: 1,
     games: [ [Object] ] } }
[2019-04-07T20:04:41.625] [DEBUG] turnerExc - { status: true,
  body: 
   { _internal: 
      { pubDateTime: '2018-09-24 15:24:37.999',
        xslt: 'xsl/league/schedule/marty_daily_scoreboard.xsl',
        eventName: 'linescores' },
     numGames: 1,
     games: [ [Object] ] } }
